<?xml version="1.0" encoding="UTF-8"?>
<!-- Generated by org.testng.reporters.JUnitXMLReporter -->
<testsuite ignored="0" hostname="LAPTOP-3O0V0SJS" failures="0" tests="9" name="Surefire test" time="14.923" errors="0" timestamp="2024-07-08T12:22:13 IST">
  <testcase classname="com.api.tests.DataDrivenTest" name="testCreateUser" time="3.456"/>
  <testcase classname="com.api.tests.DataDrivenTest" name="testCreateUser" time="1.101"/>
  <testcase classname="com.api.tests.DataDrivenTest" name="testCreateUser" time="1.124"/>
  <testcase classname="com.api.tests.DataDrivenTest" name="testGetUser" time="1.162"/>
  <testcase classname="com.api.tests.DataDrivenTest" name="testGetUser" time="1.104"/>
  <testcase classname="com.api.tests.DataDrivenTest" name="testGetUser" time="1.115"/>
  <testcase classname="com.api.tests.DataDrivenTest" name="testDeleteUser" time="1.093"/>
  <testcase classname="com.api.tests.DataDrivenTest" name="testDeleteUser" time="1.124"/>
  <testcase classname="com.api.tests.DataDrivenTest" name="testDeleteUser" time="1.086"/>
</testsuite> <!-- Surefire test -->
