<?xml version="1.0" encoding="UTF-8"?>
<!-- Generated by org.testng.reporters.JUnitXMLReporter -->
<testsuite ignored="0" hostname="LAPTOP-3O0V0SJS" failures="0" tests="9" name="Default test" time="13.388" errors="0" timestamp="2024-07-07T13:43:46 IST">
  <testcase classname="com.api.tests.DataDrivenTest" name="testCreateUser" time="2.863"/>
  <testcase classname="com.api.tests.DataDrivenTest" name="testCreateUser" time="1.14"/>
  <testcase classname="com.api.tests.DataDrivenTest" name="testCreateUser" time="1.13"/>
  <testcase classname="com.api.tests.DataDrivenTest" name="testGetUser" time="1.142"/>
  <testcase classname="com.api.tests.DataDrivenTest" name="testGetUser" time="1.129"/>
  <testcase classname="com.api.tests.DataDrivenTest" name="testGetUser" time="1.105"/>
  <testcase classname="com.api.tests.DataDrivenTest" name="testDeleteUser" time="1.106"/>
  <testcase classname="com.api.tests.DataDrivenTest" name="testDeleteUser" time="1.083"/>
  <testcase classname="com.api.tests.DataDrivenTest" name="testDeleteUser" time="1.1"/>
</testsuite> <!-- Default test -->
