<?xml version="1.0" encoding="UTF-8"?>
<!-- Generated by org.testng.reporters.JUnitXMLReporter -->
<testsuite ignored="1" hostname="LAPTOP-3O0V0SJS" failures="0" tests="3" name="Default test" time="6.977" errors="0" timestamp="2024-11-09T12:03:40 IST">
  <testcase classname="com.api.tests.StoreOrderTest" name="testGetOrder" time="2.94"/>
  <testcase classname="com.api.tests.StoreOrderTest" name="testGetOrder" time="1.421"/>
  <testcase classname="com.api.tests.StoreOrderTest" name="testGetOrder" time="1.233"/>
  <testcase classname="com.api.tests.StoreOrderTest" name="testCreateOrder" time="0.0">
    <ignored/>
  </testcase> <!-- testCreateOrder -->
</testsuite> <!-- Default test -->
