<?xml version="1.0" encoding="UTF-8"?>
<testsuite xmlns:xsi="http://www.w3.org/2001/XMLSchema-instance" xsi:noNamespaceSchemaLocation="https://maven.apache.org/surefire/maven-surefire-plugin/xsd/surefire-test-report.xsd" version="3.0.1" name="com.api.tests.DataDrivenTest" time="15.477" tests="9" errors="0" skipped="0" failures="0">
  <properties>
[...]
</properties>
  <testcase name="testCreateUser[10001, tstuser1, Dasun, wedamulla, dw@gmail.com, Dw@123, 123456789](1)" classname="com.api.tests.DataDrivenTest" time="3.458">
    <system-out><![CDATA[HTTP/1.1 200 OK
Date: Mon, 08 Jul 2024 06:52:04 GMT
Content-Type: application/json
Transfer-Encoding: chunked
Connection: keep-alive
Access-Control-Allow-Origin: *
Access-Control-Allow-Methods: GET, POST, DELETE, PUT
Access-Control-Allow-Headers: Content-Type, api_key, Authorization
Server: Jetty(9.2.9.v20150224)

{
    "code": 200,
    "type": "unknown",
    "message": "10001"
}
]]></system-out>
    <system-err><![CDATA[SLF4J: Failed to load class "org.slf4j.impl.StaticLoggerBinder".
SLF4J: Defaulting to no-operation (NOP) logger implementation
SLF4J: See http://www.slf4j.org/codes.html#StaticLoggerBinder for further details.
]]></system-err>
  </testcase>
  <testcase name="testCreateUser[10002, tstuser2, Bhagya, Peries, bp@gmail.com, Bp@123, 102356569](2)" classname="com.api.tests.DataDrivenTest" time="1.099">
    <system-out><![CDATA[HTTP/1.1 200 OK
Date: Mon, 08 Jul 2024 06:52:05 GMT
Content-Type: application/json
Transfer-Encoding: chunked
Connection: keep-alive
Access-Control-Allow-Origin: *
Access-Control-Allow-Methods: GET, POST, DELETE, PUT
Access-Control-Allow-Headers: Content-Type, api_key, Authorization
Server: Jetty(9.2.9.v20150224)

{
    "code": 200,
    "type": "unknown",
    "message": "10002"
}
]]></system-out>
  </testcase>
  <testcase name="testCreateUser[10003, tstuser3, Lahiru, Dushmantha, ld@gmail.com, Ld@123, 458796321](3)" classname="com.api.tests.DataDrivenTest" time="1.124">
    <system-out><![CDATA[HTTP/1.1 200 OK
Date: Mon, 08 Jul 2024 06:52:06 GMT
Content-Type: application/json
Transfer-Encoding: chunked
Connection: keep-alive
Access-Control-Allow-Origin: *
Access-Control-Allow-Methods: GET, POST, DELETE, PUT
Access-Control-Allow-Headers: Content-Type, api_key, Authorization
Server: Jetty(9.2.9.v20150224)

{
    "code": 200,
    "type": "unknown",
    "message": "10003"
}
]]></system-out>
  </testcase>
  <testcase name="testGetUser[tstuser1](1)" classname="com.api.tests.DataDrivenTest" time="1.164">
    <system-out><![CDATA[HTTP/1.1 200 OK
Date: Mon, 08 Jul 2024 06:52:07 GMT
Content-Type: application/json
Transfer-Encoding: chunked
Connection: keep-alive
Access-Control-Allow-Origin: *
Access-Control-Allow-Methods: GET, POST, DELETE, PUT
Access-Control-Allow-Headers: Content-Type, api_key, Authorization
Server: Jetty(9.2.9.v20150224)

{
    "id": 10001,
    "username": "tstuser1",
    "firstName": "Dasun",
    "lastName": "wedamulla",
    "email": "dw@gmail.com",
    "password": "Dw@123",
    "phone": "123456789",
    "userStatus": 0
}
]]></system-out>
  </testcase>
  <testcase name="testGetUser[tstuser2](2)" classname="com.api.tests.DataDrivenTest" time="1.104">
    <system-out><![CDATA[HTTP/1.1 200 OK
Date: Mon, 08 Jul 2024 06:52:08 GMT
Content-Type: application/json
Transfer-Encoding: chunked
Connection: keep-alive
Access-Control-Allow-Origin: *
Access-Control-Allow-Methods: GET, POST, DELETE, PUT
Access-Control-Allow-Headers: Content-Type, api_key, Authorization
Server: Jetty(9.2.9.v20150224)

{
    "id": 10002,
    "username": "tstuser2",
    "firstName": "Bhagya",
    "lastName": "Peries",
    "email": "bp@gmail.com",
    "password": "Bp@123",
    "phone": "102356569",
    "userStatus": 0
}
]]></system-out>
  </testcase>
  <testcase name="testGetUser[tstuser3](3)" classname="com.api.tests.DataDrivenTest" time="1.115">
    <system-out><![CDATA[HTTP/1.1 200 OK
Date: Mon, 08 Jul 2024 06:52:09 GMT
Content-Type: application/json
Transfer-Encoding: chunked
Connection: keep-alive
Access-Control-Allow-Origin: *
Access-Control-Allow-Methods: GET, POST, DELETE, PUT
Access-Control-Allow-Headers: Content-Type, api_key, Authorization
Server: Jetty(9.2.9.v20150224)

{
    "id": 10003,
    "username": "tstuser3",
    "firstName": "Lahiru",
    "lastName": "Dushmantha",
    "email": "ld@gmail.com",
    "password": "Ld@123",
    "phone": "458796321",
    "userStatus": 0
}
]]></system-out>
  </testcase>
  <testcase name="testDeleteUser[tstuser1](1)" classname="com.api.tests.DataDrivenTest" time="1.094"/>
  <testcase name="testDeleteUser[tstuser2](2)" classname="com.api.tests.DataDrivenTest" time="1.125"/>
  <testcase name="testDeleteUser[tstuser3](3)" classname="com.api.tests.DataDrivenTest" time="1.087"/>
</testsuite>