<?xml version="1.0" encoding="UTF-8"?>
<testng-results ignored="0" total="9" passed="9" failed="0" skipped="0">
  <reporter-output>
  </reporter-output>
  <suite started-at="2024-07-08T12:43:59 IST" name="petStoreUserModule" finished-at="2024-07-08T12:44:14 IST" duration-ms="14776">
    <groups>
    </groups>
    <test started-at="2024-07-08T12:43:59 IST" name="Test" finished-at="2024-07-08T12:44:14 IST" duration-ms="14776">
      <class name="com.api.tests.DataDrivenTest">
        <test-method is-config="true" signature="init()[pri:0, instance:com.api.tests.DataDrivenTest@40ef3420]" started-at="2024-07-08T12:43:59 IST" name="init" finished-at="2024-07-08T12:44:00 IST" duration-ms="624" status="PASS">
          <reporter-output>
          </reporter-output>
        </test-method> <!-- init -->
        <test-method signature="testCreateUser(java.lang.String,java.lang.String,java.lang.String,java.lang.String,java.lang.String,java.lang.String,java.lang.String)[pri:1, instance:com.api.tests.DataDrivenTest@40ef3420]" started-at="2024-07-08T12:44:02 IST" name="testCreateUser" data-provider="Data" finished-at="2024-07-08T12:44:05 IST" duration-ms="3081" status="PASS">
          <params>
            <param index="0">
              <value>
                <![CDATA[10001]]>
              </value>
            </param>
            <param index="1">
              <value>
                <![CDATA[tstuser1]]>
              </value>
            </param>
            <param index="2">
              <value>
                <![CDATA[Dasun]]>
              </value>
            </param>
            <param index="3">
              <value>
                <![CDATA[wedamulla]]>
              </value>
            </param>
            <param index="4">
              <value>
                <![CDATA[dw@gmail.com]]>
              </value>
            </param>
            <param index="5">
              <value>
                <![CDATA[Dw@123]]>
              </value>
            </param>
            <param index="6">
              <value>
                <![CDATA[123456789]]>
              </value>
            </param>
          </params>
          <reporter-output>
          </reporter-output>
        </test-method> <!-- testCreateUser -->
        <test-method signature="testCreateUser(java.lang.String,java.lang.String,java.lang.String,java.lang.String,java.lang.String,java.lang.String,java.lang.String)[pri:1, instance:com.api.tests.DataDrivenTest@40ef3420]" started-at="2024-07-08T12:44:05 IST" name="testCreateUser" data-provider="Data" finished-at="2024-07-08T12:44:06 IST" duration-ms="1109" status="PASS">
          <params>
            <param index="0">
              <value>
                <![CDATA[10002]]>
              </value>
            </param>
            <param index="1">
              <value>
                <![CDATA[tstuser2]]>
              </value>
            </param>
            <param index="2">
              <value>
                <![CDATA[Bhagya]]>
              </value>
            </param>
            <param index="3">
              <value>
                <![CDATA[Peries]]>
              </value>
            </param>
            <param index="4">
              <value>
                <![CDATA[bp@gmail.com]]>
              </value>
            </param>
            <param index="5">
              <value>
                <![CDATA[Bp@123]]>
              </value>
            </param>
            <param index="6">
              <value>
                <![CDATA[102356569]]>
              </value>
            </param>
          </params>
          <reporter-output>
          </reporter-output>
        </test-method> <!-- testCreateUser -->
        <test-method signature="testCreateUser(java.lang.String,java.lang.String,java.lang.String,java.lang.String,java.lang.String,java.lang.String,java.lang.String)[pri:1, instance:com.api.tests.DataDrivenTest@40ef3420]" started-at="2024-07-08T12:44:06 IST" name="testCreateUser" data-provider="Data" finished-at="2024-07-08T12:44:07 IST" duration-ms="1099" status="PASS">
          <params>
            <param index="0">
              <value>
                <![CDATA[10003]]>
              </value>
            </param>
            <param index="1">
              <value>
                <![CDATA[tstuser3]]>
              </value>
            </param>
            <param index="2">
              <value>
                <![CDATA[Lahiru]]>
              </value>
            </param>
            <param index="3">
              <value>
                <![CDATA[Dushmantha]]>
              </value>
            </param>
            <param index="4">
              <value>
                <![CDATA[ld@gmail.com]]>
              </value>
            </param>
            <param index="5">
              <value>
                <![CDATA[Ld@123]]>
              </value>
            </param>
            <param index="6">
              <value>
                <![CDATA[458796321]]>
              </value>
            </param>
          </params>
          <reporter-output>
          </reporter-output>
        </test-method> <!-- testCreateUser -->
        <test-method signature="testGetUser(java.lang.String)[pri:2, instance:com.api.tests.DataDrivenTest@40ef3420]" started-at="2024-07-08T12:44:07 IST" name="testGetUser" data-provider="UserNames" finished-at="2024-07-08T12:44:08 IST" duration-ms="1146" status="PASS">
          <params>
            <param index="0">
              <value>
                <![CDATA[tstuser1]]>
              </value>
            </param>
          </params>
          <reporter-output>
          </reporter-output>
        </test-method> <!-- testGetUser -->
        <test-method signature="testGetUser(java.lang.String)[pri:2, instance:com.api.tests.DataDrivenTest@40ef3420]" started-at="2024-07-08T12:44:08 IST" name="testGetUser" data-provider="UserNames" finished-at="2024-07-08T12:44:09 IST" duration-ms="1075" status="PASS">
          <params>
            <param index="0">
              <value>
                <![CDATA[tstuser2]]>
              </value>
            </param>
          </params>
          <reporter-output>
          </reporter-output>
        </test-method> <!-- testGetUser -->
        <test-method signature="testGetUser(java.lang.String)[pri:2, instance:com.api.tests.DataDrivenTest@40ef3420]" started-at="2024-07-08T12:44:09 IST" name="testGetUser" data-provider="UserNames" finished-at="2024-07-08T12:44:10 IST" duration-ms="1097" status="PASS">
          <params>
            <param index="0">
              <value>
                <![CDATA[tstuser3]]>
              </value>
            </param>
          </params>
          <reporter-output>
          </reporter-output>
        </test-method> <!-- testGetUser -->
        <test-method signature="testDeleteUser(java.lang.String)[pri:3, instance:com.api.tests.DataDrivenTest@40ef3420]" started-at="2024-07-08T12:44:10 IST" name="testDeleteUser" data-provider="UserNames" finished-at="2024-07-08T12:44:11 IST" duration-ms="1127" status="PASS">
          <params>
            <param index="0">
              <value>
                <![CDATA[tstuser1]]>
              </value>
            </param>
          </params>
          <reporter-output>
          </reporter-output>
        </test-method> <!-- testDeleteUser -->
        <test-method signature="testDeleteUser(java.lang.String)[pri:3, instance:com.api.tests.DataDrivenTest@40ef3420]" started-at="2024-07-08T12:44:11 IST" name="testDeleteUser" data-provider="UserNames" finished-at="2024-07-08T12:44:13 IST" duration-ms="1091" status="PASS">
          <params>
            <param index="0">
              <value>
                <![CDATA[tstuser2]]>
              </value>
            </param>
          </params>
          <reporter-output>
          </reporter-output>
        </test-method> <!-- testDeleteUser -->
        <test-method signature="testDeleteUser(java.lang.String)[pri:3, instance:com.api.tests.DataDrivenTest@40ef3420]" started-at="2024-07-08T12:44:13 IST" name="testDeleteUser" data-provider="UserNames" finished-at="2024-07-08T12:44:14 IST" duration-ms="1130" status="PASS">
          <params>
            <param index="0">
              <value>
                <![CDATA[tstuser3]]>
              </value>
            </param>
          </params>
          <reporter-output>
          </reporter-output>
        </test-method> <!-- testDeleteUser -->
      </class> <!-- com.api.tests.DataDrivenTest -->
    </test> <!-- Test -->
  </suite> <!-- petStoreUserModule -->
</testng-results>
