<?xml version="1.0" encoding="UTF-8"?>
<testng-results ignored="0" total="9" passed="9" failed="0" skipped="0">
  <reporter-output>
  </reporter-output>
  <suite started-at="2024-07-09T12:20:55 IST" name="petStoreUserModule" finished-at="2024-07-09T12:21:09 IST" duration-ms="14295">
    <groups>
    </groups>
    <test started-at="2024-07-09T12:20:55 IST" name="Test" finished-at="2024-07-09T12:21:09 IST" duration-ms="14295">
      <class name="com.api.tests.UserTest">
        <test-method is-config="true" signature="init()[pri:0, instance:com.api.tests.UserTest@4802796d]" started-at="2024-07-09T12:20:55 IST" name="init" finished-at="2024-07-09T12:20:56 IST" duration-ms="588" status="PASS">
          <reporter-output>
          </reporter-output>
        </test-method> <!-- init -->
        <test-method signature="testCreateUser(java.lang.String,java.lang.String,java.lang.String,java.lang.String,java.lang.String,java.lang.String,java.lang.String)[pri:1, instance:com.api.tests.UserTest@4802796d]" started-at="2024-07-09T12:20:57 IST" name="testCreateUser" data-provider="Data" finished-at="2024-07-09T12:21:00 IST" duration-ms="3064" status="PASS">
          <params>
            <param index="0">
              <value>
                <![CDATA[10001]]>
              </value>
            </param>
            <param index="1">
              <value>
                <![CDATA[tstuser1]]>
              </value>
            </param>
            <param index="2">
              <value>
                <![CDATA[Dasun]]>
              </value>
            </param>
            <param index="3">
              <value>
                <![CDATA[wedamulla]]>
              </value>
            </param>
            <param index="4">
              <value>
                <![CDATA[dw@gmail.com]]>
              </value>
            </param>
            <param index="5">
              <value>
                <![CDATA[Dw@123]]>
              </value>
            </param>
            <param index="6">
              <value>
                <![CDATA[123456789]]>
              </value>
            </param>
          </params>
          <reporter-output>
          </reporter-output>
        </test-method> <!-- testCreateUser -->
        <test-method signature="testCreateUser(java.lang.String,java.lang.String,java.lang.String,java.lang.String,java.lang.String,java.lang.String,java.lang.String)[pri:1, instance:com.api.tests.UserTest@4802796d]" started-at="2024-07-09T12:21:00 IST" name="testCreateUser" data-provider="Data" finished-at="2024-07-09T12:21:02 IST" duration-ms="1099" status="PASS">
          <params>
            <param index="0">
              <value>
                <![CDATA[10002]]>
              </value>
            </param>
            <param index="1">
              <value>
                <![CDATA[tstuser2]]>
              </value>
            </param>
            <param index="2">
              <value>
                <![CDATA[Bhagya]]>
              </value>
            </param>
            <param index="3">
              <value>
                <![CDATA[Peries]]>
              </value>
            </param>
            <param index="4">
              <value>
                <![CDATA[bp@gmail.com]]>
              </value>
            </param>
            <param index="5">
              <value>
                <![CDATA[Bp@123]]>
              </value>
            </param>
            <param index="6">
              <value>
                <![CDATA[102356569]]>
              </value>
            </param>
          </params>
          <reporter-output>
          </reporter-output>
        </test-method> <!-- testCreateUser -->
        <test-method signature="testCreateUser(java.lang.String,java.lang.String,java.lang.String,java.lang.String,java.lang.String,java.lang.String,java.lang.String)[pri:1, instance:com.api.tests.UserTest@4802796d]" started-at="2024-07-09T12:21:02 IST" name="testCreateUser" data-provider="Data" finished-at="2024-07-09T12:21:03 IST" duration-ms="1085" status="PASS">
          <params>
            <param index="0">
              <value>
                <![CDATA[10003]]>
              </value>
            </param>
            <param index="1">
              <value>
                <![CDATA[tstuser3]]>
              </value>
            </param>
            <param index="2">
              <value>
                <![CDATA[Lahiru]]>
              </value>
            </param>
            <param index="3">
              <value>
                <![CDATA[Dushmantha]]>
              </value>
            </param>
            <param index="4">
              <value>
                <![CDATA[ld@gmail.com]]>
              </value>
            </param>
            <param index="5">
              <value>
                <![CDATA[Ld@123]]>
              </value>
            </param>
            <param index="6">
              <value>
                <![CDATA[458796321]]>
              </value>
            </param>
          </params>
          <reporter-output>
          </reporter-output>
        </test-method> <!-- testCreateUser -->
        <test-method signature="testGetUser(java.lang.String)[pri:2, instance:com.api.tests.UserTest@4802796d]" started-at="2024-07-09T12:21:03 IST" name="testGetUser" data-provider="UserNames" finished-at="2024-07-09T12:21:04 IST" duration-ms="1157" status="PASS">
          <params>
            <param index="0">
              <value>
                <![CDATA[tstuser1]]>
              </value>
            </param>
          </params>
          <reporter-output>
          </reporter-output>
        </test-method> <!-- testGetUser -->
        <test-method signature="testGetUser(java.lang.String)[pri:2, instance:com.api.tests.UserTest@4802796d]" started-at="2024-07-09T12:21:04 IST" name="testGetUser" data-provider="UserNames" finished-at="2024-07-09T12:21:05 IST" duration-ms="1101" status="PASS">
          <params>
            <param index="0">
              <value>
                <![CDATA[tstuser2]]>
              </value>
            </param>
          </params>
          <reporter-output>
          </reporter-output>
        </test-method> <!-- testGetUser -->
        <test-method signature="testGetUser(java.lang.String)[pri:2, instance:com.api.tests.UserTest@4802796d]" started-at="2024-07-09T12:21:05 IST" name="testGetUser" data-provider="UserNames" finished-at="2024-07-09T12:21:06 IST" duration-ms="1106" status="PASS">
          <params>
            <param index="0">
              <value>
                <![CDATA[tstuser3]]>
              </value>
            </param>
          </params>
          <reporter-output>
          </reporter-output>
        </test-method> <!-- testGetUser -->
        <test-method signature="testDeleteUser(java.lang.String)[pri:3, instance:com.api.tests.UserTest@4802796d]" started-at="2024-07-09T12:21:06 IST" name="testDeleteUser" data-provider="UserNames" finished-at="2024-07-09T12:21:07 IST" duration-ms="1099" status="PASS">
          <params>
            <param index="0">
              <value>
                <![CDATA[tstuser1]]>
              </value>
            </param>
          </params>
          <reporter-output>
          </reporter-output>
        </test-method> <!-- testDeleteUser -->
        <test-method signature="testDeleteUser(java.lang.String)[pri:3, instance:com.api.tests.UserTest@4802796d]" started-at="2024-07-09T12:21:07 IST" name="testDeleteUser" data-provider="UserNames" finished-at="2024-07-09T12:21:08 IST" duration-ms="1083" status="PASS">
          <params>
            <param index="0">
              <value>
                <![CDATA[tstuser2]]>
              </value>
            </param>
          </params>
          <reporter-output>
          </reporter-output>
        </test-method> <!-- testDeleteUser -->
        <test-method signature="testDeleteUser(java.lang.String)[pri:3, instance:com.api.tests.UserTest@4802796d]" started-at="2024-07-09T12:21:08 IST" name="testDeleteUser" data-provider="UserNames" finished-at="2024-07-09T12:21:09 IST" duration-ms="1087" status="PASS">
          <params>
            <param index="0">
              <value>
                <![CDATA[tstuser3]]>
              </value>
            </param>
          </params>
          <reporter-output>
          </reporter-output>
        </test-method> <!-- testDeleteUser -->
      </class> <!-- com.api.tests.UserTest -->
    </test> <!-- Test -->
  </suite> <!-- petStoreUserModule -->
</testng-results>
