<?xml version="1.0" encoding="UTF-8"?>
<testng-results ignored="0" total="3" passed="3" failed="0" skipped="0">
  <reporter-output>
  </reporter-output>
  <suite started-at="2024-11-09T12:03:33 IST" name="Default suite" finished-at="2024-11-09T12:03:40 IST" duration-ms="6977">
    <groups>
    </groups>
    <test started-at="2024-11-09T12:03:33 IST" name="Default test" finished-at="2024-11-09T12:03:40 IST" duration-ms="6977">
      <class name="com.api.tests.StoreOrderTest">
        <test-method is-config="true" signature="init()[pri:0, instance:com.api.tests.StoreOrderTest@65fb9ffc]" started-at="2024-11-09T12:03:33 IST" name="init" finished-at="2024-11-09T12:03:33 IST" duration-ms="604" status="PASS">
          <reporter-output>
          </reporter-output>
        </test-method> <!-- init -->
        <test-method signature="testGetOrder(java.lang.String)[pri:2, instance:com.api.tests.StoreOrderTest@65fb9ffc]" started-at="2024-11-09T12:03:34 IST" name="testGetOrder" data-provider="orderId" finished-at="2024-11-09T12:03:37 IST" duration-ms="2940" status="PASS">
          <params>
            <param index="0">
              <value>
                <![CDATA[1]]>
              </value>
            </param>
          </params>
          <reporter-output>
          </reporter-output>
        </test-method> <!-- testGetOrder -->
        <test-method signature="testGetOrder(java.lang.String)[pri:2, instance:com.api.tests.StoreOrderTest@65fb9ffc]" started-at="2024-11-09T12:03:37 IST" name="testGetOrder" data-provider="orderId" finished-at="2024-11-09T12:03:39 IST" duration-ms="1421" status="PASS">
          <params>
            <param index="0">
              <value>
                <![CDATA[2]]>
              </value>
            </param>
          </params>
          <reporter-output>
          </reporter-output>
        </test-method> <!-- testGetOrder -->
        <test-method signature="testGetOrder(java.lang.String)[pri:2, instance:com.api.tests.StoreOrderTest@65fb9ffc]" started-at="2024-11-09T12:03:39 IST" name="testGetOrder" data-provider="orderId" finished-at="2024-11-09T12:03:40 IST" duration-ms="1233" status="PASS">
          <params>
            <param index="0">
              <value>
                <![CDATA[3]]>
              </value>
            </param>
          </params>
          <reporter-output>
          </reporter-output>
        </test-method> <!-- testGetOrder -->
      </class> <!-- com.api.tests.StoreOrderTest -->
    </test> <!-- Default test -->
  </suite> <!-- Default suite -->
</testng-results>
